mode: set
/home/brian/repos/go_test/sources/main.go:5.37,12.37 5 1
/home/brian/repos/go_test/sources/main.go:25.2,26.25 2 1
/home/brian/repos/go_test/sources/main.go:29.2,29.18 1 1
/home/brian/repos/go_test/sources/main.go:12.37,13.60 1 1
/home/brian/repos/go_test/sources/main.go:16.3,16.21 1 1
/home/brian/repos/go_test/sources/main.go:22.3,22.27 1 1
/home/brian/repos/go_test/sources/main.go:13.60,15.4 1 1
/home/brian/repos/go_test/sources/main.go:16.21,19.4 2 1
/home/brian/repos/go_test/sources/main.go:19.9,21.4 1 1
/home/brian/repos/go_test/sources/main.go:26.25,28.3 1 1
/home/brian/repos/go_test/sources/main.go:32.13,36.2 3 0
