mode: set
/home/brian/repos/go_test/sources/main.go:5.37,12.21 5 1
/home/brian/repos/go_test/sources/main.go:26.2,27.25 2 1
/home/brian/repos/go_test/sources/main.go:30.2,30.18 1 1
/home/brian/repos/go_test/sources/main.go:12.21,14.46 2 1
/home/brian/repos/go_test/sources/main.go:17.3,17.23 1 1
/home/brian/repos/go_test/sources/main.go:23.3,23.16 1 1
/home/brian/repos/go_test/sources/main.go:14.46,16.4 1 1
/home/brian/repos/go_test/sources/main.go:17.23,20.4 2 1
/home/brian/repos/go_test/sources/main.go:20.9,22.4 1 1
/home/brian/repos/go_test/sources/main.go:27.25,29.3 1 1
/home/brian/repos/go_test/sources/main.go:33.13,37.2 3 0
/home/brian/repos/go_test/sources/stack.go:7.37,7.53 1 1
/home/brian/repos/go_test/sources/stack.go:13.24,15.2 1 1
/home/brian/repos/go_test/sources/stack.go:17.29,19.2 1 1
/home/brian/repos/go_test/sources/stack.go:21.36,23.12 2 1
/home/brian/repos/go_test/sources/stack.go:27.2,29.17 3 1
/home/brian/repos/go_test/sources/stack.go:23.12,25.3 1 1
/home/brian/repos/go_test/sources/stack.go:32.36,34.2 1 1
/home/brian/repos/go_test/sources/stack.go:36.37,38.12 2 1
/home/brian/repos/go_test/sources/stack.go:42.2,42.22 1 1
/home/brian/repos/go_test/sources/stack.go:38.12,40.3 1 1
/home/brian/repos/go_test/sources/stack.go:45.32,47.2 1 1
/home/brian/repos/go_test/sources/stack.go:49.28,51.2 1 1
